<?xml version="1.0" encoding="UTF-8"?>
<!-- Generated by org.testng.reporters.JUnitXMLReporter -->
<testsuite ignored="0" hostname="LAPTOP-N1ASVGNK" failures="0" tests="3" name="Default test" time="18.403" errors="0" timestamp="2024-08-07T20:35:53 IST">
  <testcase classname="tutorialsproject.HandleDataProviders" name="loginTest" time="6.659"/>
  <testcase classname="tutorialsproject.HandleDataProviders" name="loginTest" time="5.266"/>
  <testcase classname="tutorialsproject.HandleDataProviders" name="loginTest" time="5.845"/>
</testsuite> <!-- Default test -->
