<?xml version="1.0" encoding="UTF-8"?>
<testng-results ignored="0" total="3" passed="3" failed="0" skipped="0">
  <reporter-output>
  </reporter-output>
  <suite started-at="2024-08-07T20:35:34 IST" name="Default suite" finished-at="2024-08-07T20:35:53 IST" duration-ms="18403">
    <groups>
    </groups>
    <test started-at="2024-08-07T20:35:34 IST" name="Default test" finished-at="2024-08-07T20:35:53 IST" duration-ms="18403">
      <class name="tutorialsproject.HandleDataProviders">
        <test-method signature="loginTest(java.lang.String,java.lang.Double)[pri:0, instance:tutorialsproject.HandleDataProviders@169e6180]" started-at="2024-08-07T20:35:35 IST" name="loginTest" data-provider="supplier" finished-at="2024-08-07T20:35:41 IST" duration-ms="6659" status="PASS">
          <params>
            <param index="0">
              <value>
                <![CDATA[amotooricap1@gmail.com]]>
              </value>
            </param>
            <param index="1">
              <value>
                <![CDATA[12345.0]]>
              </value>
            </param>
          </params>
          <reporter-output>
          </reporter-output>
        </test-method> <!-- loginTest -->
        <test-method signature="loginTest(java.lang.String,java.lang.Double)[pri:0, instance:tutorialsproject.HandleDataProviders@169e6180]" started-at="2024-08-07T20:35:42 IST" name="loginTest" data-provider="supplier" finished-at="2024-08-07T20:35:47 IST" duration-ms="5266" status="PASS">
          <params>
            <param index="0">
              <value>
                <![CDATA[amotooricap3@gmail.com]]>
              </value>
            </param>
            <param index="1">
              <value>
                <![CDATA[12345.0]]>
              </value>
            </param>
          </params>
          <reporter-output>
          </reporter-output>
        </test-method> <!-- loginTest -->
        <test-method signature="loginTest(java.lang.String,java.lang.Double)[pri:0, instance:tutorialsproject.HandleDataProviders@169e6180]" started-at="2024-08-07T20:35:47 IST" name="loginTest" data-provider="supplier" finished-at="2024-08-07T20:35:53 IST" duration-ms="5845" status="PASS">
          <params>
            <param index="0">
              <value>
                <![CDATA[amotooricap9@gmail.com]]>
              </value>
            </param>
            <param index="1">
              <value>
                <![CDATA[12345.0]]>
              </value>
            </param>
          </params>
          <reporter-output>
          </reporter-output>
        </test-method> <!-- loginTest -->
      </class> <!-- tutorialsproject.HandleDataProviders -->
    </test> <!-- Default test -->
  </suite> <!-- Default suite -->
</testng-results>
